<?xml version="1.0" encoding="UTF-8"?>
<testng-results total="3" passed="2" failed="1" skipped="0">
  <reporter-output>
    <line>
      <![CDATA[[INFO]: Verified that product is not temporarily unvailable 
]]>
    </line>
    <line>
      <![CDATA[[INFO]: Price for Product 'APPLE iPhone 11 Pro Max (Gold, 256 GB)' is displayed as :131900
]]>
    </line>
    <line>
      <![CDATA[[INFO]: Phone not displayed in Amazon so, Flipkart Price of Iphone is: 131900]]>
    </line>
  </reporter-output>
  <suite started-at="2021-04-17T15:34:30Z" name="Default suite" finished-at="2021-04-17T15:34:42Z" duration-ms="11854">
    <groups>
    </groups>
    <test started-at="2021-04-17T15:34:30Z" name="Default test" finished-at="2021-04-17T15:34:42Z" duration-ms="11854">
      <class name="com.classplus.assignment.price_comparison.suites.PhonePriceTest">
        <test-method is-config="true" signature="launchBrowser()[pri:0, instance:com.classplus.assignment.price_comparison.suites.PhonePriceTest@1a72a540]" started-at="2021-04-17T21:04:30Z" name="launchBrowser" finished-at="2021-04-17T21:04:32Z" duration-ms="2454" status="PASS">
          <reporter-output>
          </reporter-output>
        </test-method> <!-- launchBrowser -->
        <test-method signature="TC01_fetchPhonePriceAmazon()[pri:0, instance:com.classplus.assignment.price_comparison.suites.PhonePriceTest@1a72a540]" started-at="2021-04-17T21:04:32Z" name="TC01_fetchPhonePriceAmazon" finished-at="2021-04-17T21:04:37Z" duration-ms="4551" status="FAIL">
          <exception class="java.lang.AssertionError">
            <message>
              <![CDATA[[TEST FAILED]: Product 'iPhone XR 64GB  Yellow' is not displayed in Amazon 
 expected [true] but found [false]]]>
            </message>
            <full-stacktrace>
              <![CDATA[java.lang.AssertionError: [TEST FAILED]: Product 'iPhone XR 64GB  Yellow' is not displayed in Amazon 
 expected [true] but found [false]
	at org.testng.Assert.fail(Assert.java:94)
	at org.testng.Assert.failNotEquals(Assert.java:494)
	at org.testng.Assert.assertTrue(Assert.java:42)
	at com.classplus.assignment.price_comparison.pages.PhoneComparisonKeyword.fetchPhonePriceAmazon(PhoneComparisonKeyword.java:63)
	at com.classplus.assignment.price_comparison.suites.PhonePriceTest.TC01_fetchPhonePriceAmazon(PhonePriceTest.java:19)
	at java.base/jdk.internal.reflect.NativeMethodAccessorImpl.invoke0(Native Method)
	at java.base/jdk.internal.reflect.NativeMethodAccessorImpl.invoke(NativeMethodAccessorImpl.java:64)
	at java.base/jdk.internal.reflect.DelegatingMethodAccessorImpl.invoke(DelegatingMethodAccessorImpl.java:43)
	at java.base/java.lang.reflect.Method.invoke(Method.java:564)
	at org.testng.internal.MethodInvocationHelper.invokeMethod(MethodInvocationHelper.java:85)
	at org.testng.internal.Invoker.invokeMethod(Invoker.java:696)
	at org.testng.internal.Invoker.invokeTestMethod(Invoker.java:882)
	at org.testng.internal.Invoker.invokeTestMethods(Invoker.java:1189)
	at org.testng.internal.TestMethodWorker.invokeTestMethods(TestMethodWorker.java:124)
	at org.testng.internal.TestMethodWorker.run(TestMethodWorker.java:108)
	at org.testng.TestRunner.privateRun(TestRunner.java:767)
	at org.testng.TestRunner.run(TestRunner.java:617)
	at org.testng.SuiteRunner.runTest(SuiteRunner.java:348)
	at org.testng.SuiteRunner.runSequentially(SuiteRunner.java:343)
	at org.testng.SuiteRunner.privateRun(SuiteRunner.java:305)
	at org.testng.SuiteRunner.run(SuiteRunner.java:254)
	at org.testng.SuiteRunnerWorker.runSuite(SuiteRunnerWorker.java:52)
	at org.testng.SuiteRunnerWorker.run(SuiteRunnerWorker.java:86)
	at org.testng.TestNG.runSuitesSequentially(TestNG.java:1224)
	at org.testng.TestNG.runSuitesLocally(TestNG.java:1149)
	at org.testng.TestNG.run(TestNG.java:1057)
	at org.testng.remote.AbstractRemoteTestNG.run(AbstractRemoteTestNG.java:115)
	at org.testng.remote.RemoteTestNG.initAndRun(RemoteTestNG.java:251)
	at org.testng.remote.RemoteTestNG.main(RemoteTestNG.java:77)
]]>
            </full-stacktrace>
          </exception> <!-- java.lang.AssertionError -->
          <reporter-output>
          </reporter-output>
        </test-method> <!-- TC01_fetchPhonePriceAmazon -->
        <test-method signature="TC02_fetchPhonePriceFlipkart()[pri:0, instance:com.classplus.assignment.price_comparison.suites.PhonePriceTest@1a72a540]" started-at="2021-04-17T21:04:37Z" name="TC02_fetchPhonePriceFlipkart" finished-at="2021-04-17T21:04:40Z" duration-ms="3459" status="PASS">
          <reporter-output>
            <line>
              <![CDATA[[INFO]: Verified that product is not temporarily unvailable 
]]>
            </line>
            <line>
              <![CDATA[[INFO]: Price for Product 'APPLE iPhone 11 Pro Max (Gold, 256 GB)' is displayed as :131900
]]>
            </line>
          </reporter-output>
        </test-method> <!-- TC02_fetchPhonePriceFlipkart -->
        <test-method signature="TC03_comparePrices()[pri:0, instance:com.classplus.assignment.price_comparison.suites.PhonePriceTest@1a72a540]" started-at="2021-04-17T21:04:40Z" name="TC03_comparePrices" finished-at="2021-04-17T21:04:40Z" duration-ms="1" status="PASS">
          <reporter-output>
            <line>
              <![CDATA[[INFO]: Phone not displayed in Amazon so, Flipkart Price of Iphone is: 131900]]>
            </line>
          </reporter-output>
        </test-method> <!-- TC03_comparePrices -->
        <test-method is-config="true" signature="closeSession()[pri:0, instance:com.classplus.assignment.price_comparison.suites.PhonePriceTest@1a72a540]" started-at="2021-04-17T21:04:40Z" name="closeSession" finished-at="2021-04-17T21:04:42Z" duration-ms="1377" status="PASS">
          <reporter-output>
          </reporter-output>
        </test-method> <!-- closeSession -->
      </class> <!-- com.classplus.assignment.price_comparison.suites.PhonePriceTest -->
    </test> <!-- Default test -->
  </suite> <!-- Default suite -->
</testng-results>
